#
# A fatal error has been detected by the Java Runtime Environment:
#
#  EXCEPTION_ACCESS_VIOLATION (0xc0000005) at pc=0x0000000064a0e821, pid=29628, tid=31908
#
# JRE version: OpenJDK Runtime Environment Microsoft-40648 (11.0.16.1+1) (build 11.0.16.1+1-LTS)
# Java VM: OpenJDK 64-Bit Server VM Microsoft-40648 (11.0.16.1+1-LTS, mixed mode, tiered, compressed oops, g1 gc, windows-amd64)
# Problematic frame:
# C  [imgui-java64.dll+0xe821]
#
# No core dump will be written. Minidumps are not enabled by default on client versions of Windows
#
# If you would like to submit a bug report, please visit:
#   https://github.com/microsoft/openjdk/issues
# The crash happened outside the Java Virtual Machine in native code.
# See problematic frame for where to report the bug.
#

---------------  S U M M A R Y ------------

Command Line: -Dfile.encoding=UTF-8 -Duser.country=US -Duser.language=en -Duser.variant june.Application

Host: AMD Ryzen 9 5900X 12-Core Processor            , 24 cores, 15G,  Windows 11 , 64 bit Build 22621 (10.0.22621.3958)
Time: Thu Nov 14 23:40:36 2024 Haiti Standard Time elapsed time: 2.481713 seconds (0d 0h 0m 2s)

---------------  T H R E A D  ---------------

Current thread (0x000001fc40381000):  JavaThread "main" [_thread_in_native, id=31908, stack(0x0000003046a00000,0x0000003046b00000)]

Stack: [0x0000003046a00000,0x0000003046b00000],  sp=0x0000003046afee60,  free space=1019k
Native frames: (J=compiled Java code, j=interpreted, Vv=VM code, C=native code)
C  [imgui-java64.dll+0xe821]

Java frames: (J=compiled Java code, j=interpreted, Vv=VM code)
J 1557  imgui.ImGui.pushStyleColor(II)V (0 bytes) @ 0x000001fc506df514 [0x000001fc506df4c0+0x0000000000000054]
J 1595 c1 june.tools.SystemLog.onImGui()V (70 bytes) @ 0x000001fc49495514 [0x000001fc494950a0+0x0000000000000474]
J 1544 c1 june.LevelEditorScene.renderImGui(F)V (48 bytes) @ 0x000001fc4947951c [0x000001fc494792c0+0x000000000000025c]
J 1543 c1 june.LevelEditorScene.update(F)V (11 bytes) @ 0x000001fc49478dfc [0x000001fc49478d60+0x000000000000009c]
J 1542 c1 june.scene.SceneManager.update(F)V (16 bytes) @ 0x000001fc49478a04 [0x000001fc494788c0+0x0000000000000144]
j  june.core.Core.run()V+60
j  june.Application.main([Ljava/lang/String;)V+120
v  ~StubRoutines::call_stub

siginfo: EXCEPTION_ACCESS_VIOLATION (0xc0000005), reading address 0x000001ffbd819acc


Register to memory mapping:

RIP=0x0000000064a0e821 imgui-java64.dll
RAX=0x0000000349effff0 is an unknown value
RBX=0x00000000349effff is an unknown value
RCX=0x00000000349effff is an unknown value
RDX=0x0 is NULL
RSP=0x0000003046afee60 is pointing into the stack for thread: 0x000001fc40381000
RBP=0x0000003046afef30 is pointing into the stack for thread: 0x000001fc40381000
RSI=0x000001fc739183e0 points into unknown readable memory: 0x000001fc3e360101 | 01 01 36 3e fc 01 00 00
RDI=0x0 is NULL
R8 =0x00000000349effff is an unknown value
R9 =0x0 is NULL
R10=0x0000000064a4bae0 imgui-java64.dll
R11=0x0000003046afede0 is pointing into the stack for thread: 0x000001fc40381000
R12=0x0 is NULL
R13=0x0 is NULL
R14=0x0000003046afef20 is pointing into the stack for thread: 0x000001fc40381000
R15=0x000001fc40381000 is a thread


Registers:
RAX=0x0000000349effff0, RBX=0x00000000349effff, RCX=0x00000000349effff, RDX=0x0000000000000000
RSP=0x0000003046afee60, RBP=0x0000003046afef30, RSI=0x000001fc739183e0, RDI=0x0000000000000000
R8 =0x00000000349effff, R9 =0x0000000000000000, R10=0x0000000064a4bae0, R11=0x0000003046afede0
R12=0x0000000000000000, R13=0x0000000000000000, R14=0x0000003046afef20, R15=0x000001fc40381000
RIP=0x0000000064a0e821, EFLAGS=0x0000000000010216

Top of Stack: (sp=0x0000003046afee60)
0x0000003046afee60:   0000003046afeef0 0000003046afef20
0x0000003046afee70:   000001fc6695f2a0 0000000064a4aba6
0x0000003046afee80:   000001fc349effff 0000000064a0e74e
0x0000003046afee90:   000001fc17e28ba8 000001fc40381348
0x0000003046afeea0:   000001fc17e28ba8 000001fc17e28ba8
0x0000003046afeeb0:   000001fc17e28ba8 0000003046afef30
0x0000003046afeec0:   0000000000000000 000001fc506df5b4
0x0000003046afeed0:   000001fc7396cca0 000001fc739183e0
0x0000003046afeee0:   0000000000000000 0000000064a12e47
0x0000003046afeef0:   000000071037a6e8 000001fc17e28a08
0x0000003046afef00:   0000003046afef90 0000003046afefc0
0x0000003046afef10:   000001fc7396cca0 000001fc739183e0
0x0000003046afef20:   0000000710f72890 0000000064a21f36
0x0000003046afef30:   0000003046aff1b0 000001fc49495514
0x0000003046afef40:   0000000710856a58 000000071093ef48
0x0000003046afef50:   0000000000000000 000000071093ef48 

Instructions: (pc=0x0000000064a0e821)
0x0000000064a0e721:   00 00 48 63 c9 48 c1 e1 04 f3 0f 6f 84 01 fc 16
0x0000000064a0e731:   00 00 48 8d 4c 24 20 0f 29 44 24 20 f3 0f 59 4c
0x0000000064a0e741:   24 2c f3 0f 11 4c 24 2c e8 a2 cf ff ff 48 83 c4
0x0000000064a0e751:   38 c3 66 66 2e 0f 1f 84 00 00 00 00 00 66 90 48
0x0000000064a0e761:   83 ec 38 48 8b 05 1d 99 2d 00 f3 0f 6f 09 0f 29
0x0000000064a0e771:   4c 24 20 f3 0f 10 44 24 2c 48 8d 4c 24 20 f3 0f
0x0000000064a0e781:   59 80 38 16 00 00 f3 0f 11 44 24 2c e8 5e cf ff
0x0000000064a0e791:   ff 48 83 c4 38 c3 66 0f 1f 84 00 00 00 00 00 48
0x0000000064a0e7a1:   8b 05 e1 98 2d 00 48 63 c9 48 c1 e1 04 48 8d 84
0x0000000064a0e7b1:   08 fc 16 00 00 c3 66 0f 1f 84 00 00 00 00 00 48
0x0000000064a0e7c1:   8b 05 c1 98 2d 00 f3 0f 10 80 38 16 00 00 0f 2f
0x0000000064a0e7d1:   05 d2 39 24 00 89 c8 73 20 89 ca 66 0f ef c9 25
0x0000000064a0e7e1:   ff ff ff 00 c1 ea 18 f3 0f 2a ca f3 0f 59 c1 f3
0x0000000064a0e7f1:   48 0f 2c d0 c1 e2 18 09 d0 c3 0f 1f 44 00 00 41
0x0000000064a0e801:   54 55 57 56 53 48 83 ec 40 48 8b 35 77 98 2d 00
0x0000000064a0e811:   48 63 d9 89 4c 24 20 89 d7 48 89 d8 48 c1 e0 04
0x0000000064a0e821:   f3 0f 6f 94 30 fc 16 00 00 48 63 86 48 1d 00 00
0x0000000064a0e831:   0f 11 54 24 24 3b 86 4c 1d 00 00 0f 84 ae 00 00
0x0000000064a0e841:   00 48 8b ae 50 1d 00 00 8b 54 24 30 48 8d 04 80
0x0000000064a0e851:   66 0f ef c9 48 c1 e3 04 48 8d 44 85 00 f3 0f 10
0x0000000064a0e861:   05 ca 39 24 00 66 0f 6f 5c 24 20 89 50 10 40 0f
0x0000000064a0e871:   b6 d7 f3 0f 2a ca 0f 11 18 48 8d 04 1e 89 fb 83
0x0000000064a0e881:   86 48 1d 00 00 01 0f b6 d7 f3 0f 59 c8 f3 0f 11
0x0000000064a0e891:   88 fc 16 00 00 66 0f ef c9 f3 0f 2a ca 89 fa c1
0x0000000064a0e8a1:   ef 18 c1 ea 10 0f b6 d2 f3 0f 59 c8 f3 0f 11 88
0x0000000064a0e8b1:   00 17 00 00 66 0f ef c9 f3 0f 2a ca f3 0f 59 c8
0x0000000064a0e8c1:   f3 0f 11 88 04 17 00 00 66 0f ef c9 f3 0f 2a cf
0x0000000064a0e8d1:   f3 0f 59 c1 f3 0f 11 80 08 17 00 00 48 83 c4 40
0x0000000064a0e8e1:   5b 5e 5f 5d 41 5c c3 0f 1f 84 00 00 00 00 00 8d
0x0000000064a0e8f1:   48 01 85 c0 0f 85 9d 00 00 00 83 f9 08 ba 08 00
0x0000000064a0e901:   00 00 0f 4d d1 41 89 d4 49 63 c4 48 8b 15 8d 98
0x0000000064a0e911:   2d 00 83 86 b0 03 00 00 01 48 8d 0c 80 48 c1 e1 


Stack slot to memory mapping:
stack at sp + 0 slots: 0x0000003046afeef0 is pointing into the stack for thread: 0x000001fc40381000
stack at sp + 1 slots: 0x0000003046afef20 is pointing into the stack for thread: 0x000001fc40381000
stack at sp + 2 slots: 0x000001fc6695f2a0 points into unknown readable memory: 0x00656c6f736e6f43 | 43 6f 6e 73 6f 6c 65 00
stack at sp + 3 slots: 0x0000000064a4aba6 imgui-java64.dll
stack at sp + 4 slots: 0x000001fc349effff is an unknown value
stack at sp + 5 slots: 0x0000000064a0e74e imgui-java64.dll
stack at sp + 6 slots: 0x000001fc17e28ba8 is pointing into metadata
stack at sp + 7 slots: 0x000001fc40381348 points into unknown readable memory: 0x000001fc672182d0 | d0 82 21 67 fc 01 00 00


---------------  P R O C E S S  ---------------

Threads class SMR info:
_java_thread_list=0x000001fc7d79fb70, length=10, elements={
0x000001fc40381000, 0x000001fc6603e000, 0x000001fc66047000, 0x000001fc66033000,
0x000001fc66035000, 0x000001fc66036800, 0x000001fc66039800, 0x000001fc66091800,
0x000001fc660a3800, 0x000001fc6624c800
}

Java Threads: ( => current thread )
=>0x000001fc40381000 JavaThread "main" [_thread_in_native, id=31908, stack(0x0000003046a00000,0x0000003046b00000)]
  0x000001fc6603e000 JavaThread "Reference Handler" daemon [_thread_blocked, id=23416, stack(0x0000003047100000,0x0000003047200000)]
  0x000001fc66047000 JavaThread "Finalizer" daemon [_thread_blocked, id=24564, stack(0x0000003047200000,0x0000003047300000)]
  0x000001fc66033000 JavaThread "Signal Dispatcher" daemon [_thread_blocked, id=26808, stack(0x0000003047300000,0x0000003047400000)]
  0x000001fc66035000 JavaThread "Attach Listener" daemon [_thread_blocked, id=2944, stack(0x0000003047400000,0x0000003047500000)]
  0x000001fc66036800 JavaThread "Service Thread" daemon [_thread_blocked, id=20080, stack(0x0000003047500000,0x0000003047600000)]
  0x000001fc66039800 JavaThread "C2 CompilerThread0" daemon [_thread_blocked, id=15012, stack(0x0000003047600000,0x0000003047700000)]
  0x000001fc66091800 JavaThread "C1 CompilerThread0" daemon [_thread_blocked, id=29592, stack(0x0000003047700000,0x0000003047800000)]
  0x000001fc660a3800 JavaThread "Sweeper thread" daemon [_thread_blocked, id=13040, stack(0x0000003047800000,0x0000003047900000)]
  0x000001fc6624c800 JavaThread "Common-Cleaner" daemon [_thread_blocked, id=31956, stack(0x0000003047b00000,0x0000003047c00000)]

Other Threads:
  0x000001fc66005000 VMThread "VM Thread" [stack: 0x0000003047000000,0x0000003047100000] [id=32228]
  0x000001fc66245000 WatcherThread [stack: 0x0000003047a00000,0x0000003047b00000] [id=11900]
  0x000001fc4039c800 GCTaskThread "GC Thread#0" [stack: 0x0000003046b00000,0x0000003046c00000] [id=9260]
  0x000001fc72e9b000 GCTaskThread "GC Thread#1" [stack: 0x0000003048b00000,0x0000003048c00000] [id=13292]
  0x000001fc72e9b800 GCTaskThread "GC Thread#2" [stack: 0x0000003048c00000,0x0000003048d00000] [id=23728]
  0x000001fc7d6c2800 GCTaskThread "GC Thread#3" [stack: 0x0000003048d00000,0x0000003048e00000] [id=23176]
  0x000001fc7d6c3800 GCTaskThread "GC Thread#4" [stack: 0x0000003048e00000,0x0000003048f00000] [id=456]
  0x000001fc7d6c4800 GCTaskThread "GC Thread#5" [stack: 0x0000003048f00000,0x0000003049000000] [id=11872]
  0x000001fc403fc000 ConcurrentGCThread "G1 Main Marker" [stack: 0x0000003046c00000,0x0000003046d00000] [id=29640]
  0x000001fc403fd800 ConcurrentGCThread "G1 Conc#0" [stack: 0x0000003046d00000,0x0000003046e00000] [id=18748]
  0x000001fc64781000 ConcurrentGCThread "G1 Refine#0" [stack: 0x0000003046e00000,0x0000003046f00000] [id=13296]
  0x000001fc64784000 ConcurrentGCThread "G1 Young RemSet Sampling" [stack: 0x0000003046f00000,0x0000003047000000] [id=3980]

Threads with active compile tasks:

VM state:not at safepoint (normal execution)

VM Mutex/Monitor currently owned by a thread: None

Heap address: 0x0000000701200000, size: 4078 MB, Compressed Oops mode: Zero based, Oop shift amount: 3
Narrow klass base: 0x0000000800000000, Narrow klass shift: 0
Compressed class space size: 1073741824 Address: 0x0000000800000000

Heap:
 garbage-first heap   total 262144K, used 21146K [0x0000000701200000, 0x0000000800000000)
  region size 1024K, 22 young (22528K), 3 survivors (3072K)
 Metaspace       used 14642K, capacity 14874K, committed 15104K, reserved 1062912K
  class space    used 1046K, capacity 1162K, committed 1280K, reserved 1048576K
Heap Regions: E=young(eden), S=young(survivor), O=old, HS=humongous(starts), HC=humongous(continues), CS=collection set, F=free, A=archive, TAMS=top-at-mark-start (previous, next)
|   0|0x0000000701200000, 0x00000007012a6800, 0x0000000701300000| 65%| O|  |TAMS 0x0000000701200000, 0x0000000701200000| Untracked 
|   1|0x0000000701300000, 0x0000000701300000, 0x0000000701400000|  0%| F|  |TAMS 0x0000000701300000, 0x0000000701300000| Untracked 
|   2|0x0000000701400000, 0x0000000701400000, 0x0000000701500000|  0%| F|  |TAMS 0x0000000701400000, 0x0000000701400000| Untracked 
|   3|0x0000000701500000, 0x0000000701500000, 0x0000000701600000|  0%| F|  |TAMS 0x0000000701500000, 0x0000000701500000| Untracked 
|   4|0x0000000701600000, 0x0000000701600000, 0x0000000701700000|  0%| F|  |TAMS 0x0000000701600000, 0x0000000701600000| Untracked 
|   5|0x0000000701700000, 0x0000000701700000, 0x0000000701800000|  0%| F|  |TAMS 0x0000000701700000, 0x0000000701700000| Untracked 
|   6|0x0000000701800000, 0x0000000701800000, 0x0000000701900000|  0%| F|  |TAMS 0x0000000701800000, 0x0000000701800000| Untracked 
|   7|0x0000000701900000, 0x0000000701900000, 0x0000000701a00000|  0%| F|  |TAMS 0x0000000701900000, 0x0000000701900000| Untracked 
|   8|0x0000000701a00000, 0x0000000701a00000, 0x0000000701b00000|  0%| F|  |TAMS 0x0000000701a00000, 0x0000000701a00000| Untracked 
|   9|0x0000000701b00000, 0x0000000701b00000, 0x0000000701c00000|  0%| F|  |TAMS 0x0000000701b00000, 0x0000000701b00000| Untracked 
|  10|0x0000000701c00000, 0x0000000701c00000, 0x0000000701d00000|  0%| F|  |TAMS 0x0000000701c00000, 0x0000000701c00000| Untracked 
|  11|0x0000000701d00000, 0x0000000701d00000, 0x0000000701e00000|  0%| F|  |TAMS 0x0000000701d00000, 0x0000000701d00000| Untracked 
|  12|0x0000000701e00000, 0x0000000701e00000, 0x0000000701f00000|  0%| F|  |TAMS 0x0000000701e00000, 0x0000000701e00000| Untracked 
|  13|0x0000000701f00000, 0x0000000701f00000, 0x0000000702000000|  0%| F|  |TAMS 0x0000000701f00000, 0x0000000701f00000| Untracked 
|  14|0x0000000702000000, 0x0000000702000000, 0x0000000702100000|  0%| F|  |TAMS 0x0000000702000000, 0x0000000702000000| Untracked 
|  15|0x0000000702100000, 0x0000000702100000, 0x0000000702200000|  0%| F|  |TAMS 0x0000000702100000, 0x0000000702100000| Untracked 
|  16|0x0000000702200000, 0x0000000702200000, 0x0000000702300000|  0%| F|  |TAMS 0x0000000702200000, 0x0000000702200000| Untracked 
|  17|0x0000000702300000, 0x0000000702300000, 0x0000000702400000|  0%| F|  |TAMS 0x0000000702300000, 0x0000000702300000| Untracked 
|  18|0x0000000702400000, 0x0000000702400000, 0x0000000702500000|  0%| F|  |TAMS 0x0000000702400000, 0x0000000702400000| Untracked 
|  19|0x0000000702500000, 0x0000000702500000, 0x0000000702600000|  0%| F|  |TAMS 0x0000000702500000, 0x0000000702500000| Untracked 
|  20|0x0000000702600000, 0x0000000702600000, 0x0000000702700000|  0%| F|  |TAMS 0x0000000702600000, 0x0000000702600000| Untracked 
|  21|0x0000000702700000, 0x0000000702700000, 0x0000000702800000|  0%| F|  |TAMS 0x0000000702700000, 0x0000000702700000| Untracked 
|  22|0x0000000702800000, 0x0000000702800000, 0x0000000702900000|  0%| F|  |TAMS 0x0000000702800000, 0x0000000702800000| Untracked 
|  23|0x0000000702900000, 0x0000000702900000, 0x0000000702a00000|  0%| F|  |TAMS 0x0000000702900000, 0x0000000702900000| Untracked 
|  24|0x0000000702a00000, 0x0000000702a00000, 0x0000000702b00000|  0%| F|  |TAMS 0x0000000702a00000, 0x0000000702a00000| Untracked 
|  25|0x0000000702b00000, 0x0000000702b00000, 0x0000000702c00000|  0%| F|  |TAMS 0x0000000702b00000, 0x0000000702b00000| Untracked 
|  26|0x0000000702c00000, 0x0000000702c00000, 0x0000000702d00000|  0%| F|  |TAMS 0x0000000702c00000, 0x0000000702c00000| Untracked 
|  27|0x0000000702d00000, 0x0000000702d00000, 0x0000000702e00000|  0%| F|  |TAMS 0x0000000702d00000, 0x0000000702d00000| Untracked 
|  28|0x0000000702e00000, 0x0000000702e00000, 0x0000000702f00000|  0%| F|  |TAMS 0x0000000702e00000, 0x0000000702e00000| Untracked 
|  29|0x0000000702f00000, 0x0000000702f00000, 0x0000000703000000|  0%| F|  |TAMS 0x0000000702f00000, 0x0000000702f00000| Untracked 
|  30|0x0000000703000000, 0x0000000703000000, 0x0000000703100000|  0%| F|  |TAMS 0x0000000703000000, 0x0000000703000000| Untracked 
|  31|0x0000000703100000, 0x0000000703100000, 0x0000000703200000|  0%| F|  |TAMS 0x0000000703100000, 0x0000000703100000| Untracked 
|  32|0x0000000703200000, 0x0000000703200000, 0x0000000703300000|  0%| F|  |TAMS 0x0000000703200000, 0x0000000703200000| Untracked 
|  33|0x0000000703300000, 0x0000000703300000, 0x0000000703400000|  0%| F|  |TAMS 0x0000000703300000, 0x0000000703300000| Untracked 
|  34|0x0000000703400000, 0x0000000703400000, 0x0000000703500000|  0%| F|  |TAMS 0x0000000703400000, 0x0000000703400000| Untracked 
|  35|0x0000000703500000, 0x0000000703500000, 0x0000000703600000|  0%| F|  |TAMS 0x0000000703500000, 0x0000000703500000| Untracked 
|  36|0x0000000703600000, 0x0000000703600000, 0x0000000703700000|  0%| F|  |TAMS 0x0000000703600000, 0x0000000703600000| Untracked 
|  37|0x0000000703700000, 0x0000000703700000, 0x0000000703800000|  0%| F|  |TAMS 0x0000000703700000, 0x0000000703700000| Untracked 
|  38|0x0000000703800000, 0x0000000703800000, 0x0000000703900000|  0%| F|  |TAMS 0x0000000703800000, 0x0000000703800000| Untracked 
|  39|0x0000000703900000, 0x0000000703900000, 0x0000000703a00000|  0%| F|  |TAMS 0x0000000703900000, 0x0000000703900000| Untracked 
|  40|0x0000000703a00000, 0x0000000703a00000, 0x0000000703b00000|  0%| F|  |TAMS 0x0000000703a00000, 0x0000000703a00000| Untracked 
|  41|0x0000000703b00000, 0x0000000703b00000, 0x0000000703c00000|  0%| F|  |TAMS 0x0000000703b00000, 0x0000000703b00000| Untracked 
|  42|0x0000000703c00000, 0x0000000703c00000, 0x0000000703d00000|  0%| F|  |TAMS 0x0000000703c00000, 0x0000000703c00000| Untracked 
|  43|0x0000000703d00000, 0x0000000703d00000, 0x0000000703e00000|  0%| F|  |TAMS 0x0000000703d00000, 0x0000000703d00000| Untracked 
|  44|0x0000000703e00000, 0x0000000703e00000, 0x0000000703f00000|  0%| F|  |TAMS 0x0000000703e00000, 0x0000000703e00000| Untracked 
|  45|0x0000000703f00000, 0x0000000703f00000, 0x0000000704000000|  0%| F|  |TAMS 0x0000000703f00000, 0x0000000703f00000| Untracked 
|  46|0x0000000704000000, 0x0000000704000000, 0x0000000704100000|  0%| F|  |TAMS 0x0000000704000000, 0x0000000704000000| Untracked 
|  47|0x0000000704100000, 0x0000000704100000, 0x0000000704200000|  0%| F|  |TAMS 0x0000000704100000, 0x0000000704100000| Untracked 
|  48|0x0000000704200000, 0x0000000704200000, 0x0000000704300000|  0%| F|  |TAMS 0x0000000704200000, 0x0000000704200000| Untracked 
|  49|0x0000000704300000, 0x0000000704300000, 0x0000000704400000|  0%| F|  |TAMS 0x0000000704300000, 0x0000000704300000| Untracked 
|  50|0x0000000704400000, 0x0000000704400000, 0x0000000704500000|  0%| F|  |TAMS 0x0000000704400000, 0x0000000704400000| Untracked 
|  51|0x0000000704500000, 0x0000000704500000, 0x0000000704600000|  0%| F|  |TAMS 0x0000000704500000, 0x0000000704500000| Untracked 
|  52|0x0000000704600000, 0x0000000704600000, 0x0000000704700000|  0%| F|  |TAMS 0x0000000704600000, 0x0000000704600000| Untracked 
|  53|0x0000000704700000, 0x0000000704700000, 0x0000000704800000|  0%| F|  |TAMS 0x0000000704700000, 0x0000000704700000| Untracked 
|  54|0x0000000704800000, 0x0000000704800000, 0x0000000704900000|  0%| F|  |TAMS 0x0000000704800000, 0x0000000704800000| Untracked 
|  55|0x0000000704900000, 0x0000000704900000, 0x0000000704a00000|  0%| F|  |TAMS 0x0000000704900000, 0x0000000704900000| Untracked 
|  56|0x0000000704a00000, 0x0000000704a00000, 0x0000000704b00000|  0%| F|  |TAMS 0x0000000704a00000, 0x0000000704a00000| Untracked 
|  57|0x0000000704b00000, 0x0000000704b00000, 0x0000000704c00000|  0%| F|  |TAMS 0x0000000704b00000, 0x0000000704b00000| Untracked 
|  58|0x0000000704c00000, 0x0000000704c00000, 0x0000000704d00000|  0%| F|  |TAMS 0x0000000704c00000, 0x0000000704c00000| Untracked 
|  59|0x0000000704d00000, 0x0000000704d00000, 0x0000000704e00000|  0%| F|  |TAMS 0x0000000704d00000, 0x0000000704d00000| Untracked 
|  60|0x0000000704e00000, 0x0000000704e00000, 0x0000000704f00000|  0%| F|  |TAMS 0x0000000704e00000, 0x0000000704e00000| Untracked 
|  61|0x0000000704f00000, 0x0000000704f00000, 0x0000000705000000|  0%| F|  |TAMS 0x0000000704f00000, 0x0000000704f00000| Untracked 
|  62|0x0000000705000000, 0x0000000705000000, 0x0000000705100000|  0%| F|  |TAMS 0x0000000705000000, 0x0000000705000000| Untracked 
|  63|0x0000000705100000, 0x0000000705100000, 0x0000000705200000|  0%| F|  |TAMS 0x0000000705100000, 0x0000000705100000| Untracked 
|  64|0x0000000705200000, 0x0000000705200000, 0x0000000705300000|  0%| F|  |TAMS 0x0000000705200000, 0x0000000705200000| Untracked 
|  65|0x0000000705300000, 0x0000000705300000, 0x0000000705400000|  0%| F|  |TAMS 0x0000000705300000, 0x0000000705300000| Untracked 
|  66|0x0000000705400000, 0x0000000705400000, 0x0000000705500000|  0%| F|  |TAMS 0x0000000705400000, 0x0000000705400000| Untracked 
|  67|0x0000000705500000, 0x0000000705500000, 0x0000000705600000|  0%| F|  |TAMS 0x0000000705500000, 0x0000000705500000| Untracked 
|  68|0x0000000705600000, 0x0000000705600000, 0x0000000705700000|  0%| F|  |TAMS 0x0000000705600000, 0x0000000705600000| Untracked 
|  69|0x0000000705700000, 0x0000000705700000, 0x0000000705800000|  0%| F|  |TAMS 0x0000000705700000, 0x0000000705700000| Untracked 
|  70|0x0000000705800000, 0x0000000705800000, 0x0000000705900000|  0%| F|  |TAMS 0x0000000705800000, 0x0000000705800000| Untracked 
|  71|0x0000000705900000, 0x0000000705900000, 0x0000000705a00000|  0%| F|  |TAMS 0x0000000705900000, 0x0000000705900000| Untracked 
|  72|0x0000000705a00000, 0x0000000705a00000, 0x0000000705b00000|  0%| F|  |TAMS 0x0000000705a00000, 0x0000000705a00000| Untracked 
|  73|0x0000000705b00000, 0x0000000705b00000, 0x0000000705c00000|  0%| F|  |TAMS 0x0000000705b00000, 0x0000000705b00000| Untracked 
|  74|0x0000000705c00000, 0x0000000705c00000, 0x0000000705d00000|  0%| F|  |TAMS 0x0000000705c00000, 0x0000000705c00000| Untracked 
|  75|0x0000000705d00000, 0x0000000705d00000, 0x0000000705e00000|  0%| F|  |TAMS 0x0000000705d00000, 0x0000000705d00000| Untracked 
|  76|0x0000000705e00000, 0x0000000705e00000, 0x0000000705f00000|  0%| F|  |TAMS 0x0000000705e00000, 0x0000000705e00000| Untracked 
|  77|0x0000000705f00000, 0x0000000705f00000, 0x0000000706000000|  0%| F|  |TAMS 0x0000000705f00000, 0x0000000705f00000| Untracked 
|  78|0x0000000706000000, 0x0000000706000000, 0x0000000706100000|  0%| F|  |TAMS 0x0000000706000000, 0x0000000706000000| Untracked 
|  79|0x0000000706100000, 0x0000000706100000, 0x0000000706200000|  0%| F|  |TAMS 0x0000000706100000, 0x0000000706100000| Untracked 
|  80|0x0000000706200000, 0x0000000706200000, 0x0000000706300000|  0%| F|  |TAMS 0x0000000706200000, 0x0000000706200000| Untracked 
|  81|0x0000000706300000, 0x0000000706300000, 0x0000000706400000|  0%| F|  |TAMS 0x0000000706300000, 0x0000000706300000| Untracked 
|  82|0x0000000706400000, 0x0000000706400000, 0x0000000706500000|  0%| F|  |TAMS 0x0000000706400000, 0x0000000706400000| Untracked 
|  83|0x0000000706500000, 0x0000000706500000, 0x0000000706600000|  0%| F|  |TAMS 0x0000000706500000, 0x0000000706500000| Untracked 
|  84|0x0000000706600000, 0x0000000706600000, 0x0000000706700000|  0%| F|  |TAMS 0x0000000706600000, 0x0000000706600000| Untracked 
|  85|0x0000000706700000, 0x0000000706700000, 0x0000000706800000|  0%| F|  |TAMS 0x0000000706700000, 0x0000000706700000| Untracked 
|  86|0x0000000706800000, 0x0000000706800000, 0x0000000706900000|  0%| F|  |TAMS 0x0000000706800000, 0x0000000706800000| Untracked 
|  87|0x0000000706900000, 0x0000000706900000, 0x0000000706a00000|  0%| F|  |TAMS 0x0000000706900000, 0x0000000706900000| Untracked 
|  88|0x0000000706a00000, 0x0000000706a00000, 0x0000000706b00000|  0%| F|  |TAMS 0x0000000706a00000, 0x0000000706a00000| Untracked 
|  89|0x0000000706b00000, 0x0000000706b00000, 0x0000000706c00000|  0%| F|  |TAMS 0x0000000706b00000, 0x0000000706b00000| Untracked 
|  90|0x0000000706c00000, 0x0000000706c00000, 0x0000000706d00000|  0%| F|  |TAMS 0x0000000706c00000, 0x0000000706c00000| Untracked 
|  91|0x0000000706d00000, 0x0000000706d00000, 0x0000000706e00000|  0%| F|  |TAMS 0x0000000706d00000, 0x0000000706d00000| Untracked 
|  92|0x0000000706e00000, 0x0000000706e00000, 0x0000000706f00000|  0%| F|  |TAMS 0x0000000706e00000, 0x0000000706e00000| Untracked 
|  93|0x0000000706f00000, 0x0000000706f00000, 0x0000000707000000|  0%| F|  |TAMS 0x0000000706f00000, 0x0000000706f00000| Untracked 
|  94|0x0000000707000000, 0x0000000707000000, 0x0000000707100000|  0%| F|  |TAMS 0x0000000707000000, 0x0000000707000000| Untracked 
|  95|0x0000000707100000, 0x0000000707100000, 0x0000000707200000|  0%| F|  |TAMS 0x0000000707100000, 0x0000000707100000| Untracked 
|  96|0x0000000707200000, 0x0000000707200000, 0x0000000707300000|  0%| F|  |TAMS 0x0000000707200000, 0x0000000707200000| Untracked 
|  97|0x0000000707300000, 0x0000000707300000, 0x0000000707400000|  0%| F|  |TAMS 0x0000000707300000, 0x0000000707300000| Untracked 
|  98|0x0000000707400000, 0x0000000707400000, 0x0000000707500000|  0%| F|  |TAMS 0x0000000707400000, 0x0000000707400000| Untracked 
|  99|0x0000000707500000, 0x0000000707500000, 0x0000000707600000|  0%| F|  |TAMS 0x0000000707500000, 0x0000000707500000| Untracked 
| 100|0x0000000707600000, 0x0000000707600000, 0x0000000707700000|  0%| F|  |TAMS 0x0000000707600000, 0x0000000707600000| Untracked 
| 101|0x0000000707700000, 0x0000000707700000, 0x0000000707800000|  0%| F|  |TAMS 0x0000000707700000, 0x0000000707700000| Untracked 
| 102|0x0000000707800000, 0x0000000707800000, 0x0000000707900000|  0%| F|  |TAMS 0x0000000707800000, 0x0000000707800000| Untracked 
| 103|0x0000000707900000, 0x0000000707900000, 0x0000000707a00000|  0%| F|  |TAMS 0x0000000707900000, 0x0000000707900000| Untracked 
| 104|0x0000000707a00000, 0x0000000707a00000, 0x0000000707b00000|  0%| F|  |TAMS 0x0000000707a00000, 0x0000000707a00000| Untracked 
| 105|0x0000000707b00000, 0x0000000707b00000, 0x0000000707c00000|  0%| F|  |TAMS 0x0000000707b00000, 0x0000000707b00000| Untracked 
| 106|0x0000000707c00000, 0x0000000707c00000, 0x0000000707d00000|  0%| F|  |TAMS 0x0000000707c00000, 0x0000000707c00000| Untracked 
| 107|0x0000000707d00000, 0x0000000707d00000, 0x0000000707e00000|  0%| F|  |TAMS 0x0000000707d00000, 0x0000000707d00000| Untracked 
| 108|0x0000000707e00000, 0x0000000707e00000, 0x0000000707f00000|  0%| F|  |TAMS 0x0000000707e00000, 0x0000000707e00000| Untracked 
| 109|0x0000000707f00000, 0x0000000707f00000, 0x0000000708000000|  0%| F|  |TAMS 0x0000000707f00000, 0x0000000707f00000| Untracked 
| 110|0x0000000708000000, 0x0000000708000000, 0x0000000708100000|  0%| F|  |TAMS 0x0000000708000000, 0x0000000708000000| Untracked 
| 111|0x0000000708100000, 0x0000000708100000, 0x0000000708200000|  0%| F|  |TAMS 0x0000000708100000, 0x0000000708100000| Untracked 
| 112|0x0000000708200000, 0x0000000708200000, 0x0000000708300000|  0%| F|  |TAMS 0x0000000708200000, 0x0000000708200000| Untracked 
| 113|0x0000000708300000, 0x0000000708300000, 0x0000000708400000|  0%| F|  |TAMS 0x0000000708300000, 0x0000000708300000| Untracked 
| 114|0x0000000708400000, 0x0000000708400000, 0x0000000708500000|  0%| F|  |TAMS 0x0000000708400000, 0x0000000708400000| Untracked 
| 115|0x0000000708500000, 0x0000000708500000, 0x0000000708600000|  0%| F|  |TAMS 0x0000000708500000, 0x0000000708500000| Untracked 
| 116|0x0000000708600000, 0x0000000708600000, 0x0000000708700000|  0%| F|  |TAMS 0x0000000708600000, 0x0000000708600000| Untracked 
| 117|0x0000000708700000, 0x0000000708700000, 0x0000000708800000|  0%| F|  |TAMS 0x0000000708700000, 0x0000000708700000| Untracked 
| 118|0x0000000708800000, 0x0000000708800000, 0x0000000708900000|  0%| F|  |TAMS 0x0000000708800000, 0x0000000708800000| Untracked 
| 119|0x0000000708900000, 0x0000000708900000, 0x0000000708a00000|  0%| F|  |TAMS 0x0000000708900000, 0x0000000708900000| Untracked 
| 120|0x0000000708a00000, 0x0000000708a00000, 0x0000000708b00000|  0%| F|  |TAMS 0x0000000708a00000, 0x0000000708a00000| Untracked 
| 121|0x0000000708b00000, 0x0000000708b00000, 0x0000000708c00000|  0%| F|  |TAMS 0x0000000708b00000, 0x0000000708b00000| Untracked 
| 122|0x0000000708c00000, 0x0000000708c00000, 0x0000000708d00000|  0%| F|  |TAMS 0x0000000708c00000, 0x0000000708c00000| Untracked 
| 123|0x0000000708d00000, 0x0000000708d00000, 0x0000000708e00000|  0%| F|  |TAMS 0x0000000708d00000, 0x0000000708d00000| Untracked 
| 124|0x0000000708e00000, 0x0000000708e00000, 0x0000000708f00000|  0%| F|  |TAMS 0x0000000708e00000, 0x0000000708e00000| Untracked 
| 125|0x0000000708f00000, 0x0000000708f00000, 0x0000000709000000|  0%| F|  |TAMS 0x0000000708f00000, 0x0000000708f00000| Untracked 
| 126|0x0000000709000000, 0x0000000709000000, 0x0000000709100000|  0%| F|  |TAMS 0x0000000709000000, 0x0000000709000000| Untracked 
| 127|0x0000000709100000, 0x0000000709100000, 0x0000000709200000|  0%| F|  |TAMS 0x0000000709100000, 0x0000000709100000| Untracked 
| 128|0x0000000709200000, 0x0000000709200000, 0x0000000709300000|  0%| F|  |TAMS 0x0000000709200000, 0x0000000709200000| Untracked 
| 129|0x0000000709300000, 0x0000000709300000, 0x0000000709400000|  0%| F|  |TAMS 0x0000000709300000, 0x0000000709300000| Untracked 
| 130|0x0000000709400000, 0x0000000709400000, 0x0000000709500000|  0%| F|  |TAMS 0x0000000709400000, 0x0000000709400000| Untracked 
| 131|0x0000000709500000, 0x0000000709500000, 0x0000000709600000|  0%| F|  |TAMS 0x0000000709500000, 0x0000000709500000| Untracked 
| 132|0x0000000709600000, 0x0000000709600000, 0x0000000709700000|  0%| F|  |TAMS 0x0000000709600000, 0x0000000709600000| Untracked 
| 133|0x0000000709700000, 0x0000000709700000, 0x0000000709800000|  0%| F|  |TAMS 0x0000000709700000, 0x0000000709700000| Untracked 
| 134|0x0000000709800000, 0x0000000709800000, 0x0000000709900000|  0%| F|  |TAMS 0x0000000709800000, 0x0000000709800000| Untracked 
| 135|0x0000000709900000, 0x0000000709900000, 0x0000000709a00000|  0%| F|  |TAMS 0x0000000709900000, 0x0000000709900000| Untracked 
| 136|0x0000000709a00000, 0x0000000709a00000, 0x0000000709b00000|  0%| F|  |TAMS 0x0000000709a00000, 0x0000000709a00000| Untracked 
| 137|0x0000000709b00000, 0x0000000709b00000, 0x0000000709c00000|  0%| F|  |TAMS 0x0000000709b00000, 0x0000000709b00000| Untracked 
| 138|0x0000000709c00000, 0x0000000709c00000, 0x0000000709d00000|  0%| F|  |TAMS 0x0000000709c00000, 0x0000000709c00000| Untracked 
| 139|0x0000000709d00000, 0x0000000709d00000, 0x0000000709e00000|  0%| F|  |TAMS 0x0000000709d00000, 0x0000000709d00000| Untracked 
| 140|0x0000000709e00000, 0x0000000709e00000, 0x0000000709f00000|  0%| F|  |TAMS 0x0000000709e00000, 0x0000000709e00000| Untracked 
| 141|0x0000000709f00000, 0x0000000709f00000, 0x000000070a000000|  0%| F|  |TAMS 0x0000000709f00000, 0x0000000709f00000| Untracked 
| 142|0x000000070a000000, 0x000000070a000000, 0x000000070a100000|  0%| F|  |TAMS 0x000000070a000000, 0x000000070a000000| Untracked 
| 143|0x000000070a100000, 0x000000070a100000, 0x000000070a200000|  0%| F|  |TAMS 0x000000070a100000, 0x000000070a100000| Untracked 
| 144|0x000000070a200000, 0x000000070a200000, 0x000000070a300000|  0%| F|  |TAMS 0x000000070a200000, 0x000000070a200000| Untracked 
| 145|0x000000070a300000, 0x000000070a300000, 0x000000070a400000|  0%| F|  |TAMS 0x000000070a300000, 0x000000070a300000| Untracked 
| 146|0x000000070a400000, 0x000000070a400000, 0x000000070a500000|  0%| F|  |TAMS 0x000000070a400000, 0x000000070a400000| Untracked 
| 147|0x000000070a500000, 0x000000070a500000, 0x000000070a600000|  0%| F|  |TAMS 0x000000070a500000, 0x000000070a500000| Untracked 
| 148|0x000000070a600000, 0x000000070a600000, 0x000000070a700000|  0%| F|  |TAMS 0x000000070a600000, 0x000000070a600000| Untracked 
| 149|0x000000070a700000, 0x000000070a700000, 0x000000070a800000|  0%| F|  |TAMS 0x000000070a700000, 0x000000070a700000| Untracked 
| 150|0x000000070a800000, 0x000000070a800000, 0x000000070a900000|  0%| F|  |TAMS 0x000000070a800000, 0x000000070a800000| Untracked 
| 151|0x000000070a900000, 0x000000070a900000, 0x000000070aa00000|  0%| F|  |TAMS 0x000000070a900000, 0x000000070a900000| Untracked 
| 152|0x000000070aa00000, 0x000000070aa00000, 0x000000070ab00000|  0%| F|  |TAMS 0x000000070aa00000, 0x000000070aa00000| Untracked 
| 153|0x000000070ab00000, 0x000000070ab00000, 0x000000070ac00000|  0%| F|  |TAMS 0x000000070ab00000, 0x000000070ab00000| Untracked 
| 154|0x000000070ac00000, 0x000000070ac00000, 0x000000070ad00000|  0%| F|  |TAMS 0x000000070ac00000, 0x000000070ac00000| Untracked 
| 155|0x000000070ad00000, 0x000000070ad00000, 0x000000070ae00000|  0%| F|  |TAMS 0x000000070ad00000, 0x000000070ad00000| Untracked 
| 156|0x000000070ae00000, 0x000000070ae00000, 0x000000070af00000|  0%| F|  |TAMS 0x000000070ae00000, 0x000000070ae00000| Untracked 
| 157|0x000000070af00000, 0x000000070af00000, 0x000000070b000000|  0%| F|  |TAMS 0x000000070af00000, 0x000000070af00000| Untracked 
| 158|0x000000070b000000, 0x000000070b000000, 0x000000070b100000|  0%| F|  |TAMS 0x000000070b000000, 0x000000070b000000| Untracked 
| 159|0x000000070b100000, 0x000000070b100000, 0x000000070b200000|  0%| F|  |TAMS 0x000000070b100000, 0x000000070b100000| Untracked 
| 160|0x000000070b200000, 0x000000070b200000, 0x000000070b300000|  0%| F|  |TAMS 0x000000070b200000, 0x000000070b200000| Untracked 
| 161|0x000000070b300000, 0x000000070b300000, 0x000000070b400000|  0%| F|  |TAMS 0x000000070b300000, 0x000000070b300000| Untracked 
| 162|0x000000070b400000, 0x000000070b400000, 0x000000070b500000|  0%| F|  |TAMS 0x000000070b400000, 0x000000070b400000| Untracked 
| 163|0x000000070b500000, 0x000000070b500000, 0x000000070b600000|  0%| F|  |TAMS 0x000000070b500000, 0x000000070b500000| Untracked 
| 164|0x000000070b600000, 0x000000070b600000, 0x000000070b700000|  0%| F|  |TAMS 0x000000070b600000, 0x000000070b600000| Untracked 
| 165|0x000000070b700000, 0x000000070b700000, 0x000000070b800000|  0%| F|  |TAMS 0x000000070b700000, 0x000000070b700000| Untracked 
| 166|0x000000070b800000, 0x000000070b800000, 0x000000070b900000|  0%| F|  |TAMS 0x000000070b800000, 0x000000070b800000| Untracked 
| 167|0x000000070b900000, 0x000000070b900000, 0x000000070ba00000|  0%| F|  |TAMS 0x000000070b900000, 0x000000070b900000| Untracked 
| 168|0x000000070ba00000, 0x000000070ba00000, 0x000000070bb00000|  0%| F|  |TAMS 0x000000070ba00000, 0x000000070ba00000| Untracked 
| 169|0x000000070bb00000, 0x000000070bb00000, 0x000000070bc00000|  0%| F|  |TAMS 0x000000070bb00000, 0x000000070bb00000| Untracked 
| 170|0x000000070bc00000, 0x000000070bc00000, 0x000000070bd00000|  0%| F|  |TAMS 0x000000070bc00000, 0x000000070bc00000| Untracked 
| 171|0x000000070bd00000, 0x000000070bd00000, 0x000000070be00000|  0%| F|  |TAMS 0x000000070bd00000, 0x000000070bd00000| Untracked 
| 172|0x000000070be00000, 0x000000070be00000, 0x000000070bf00000|  0%| F|  |TAMS 0x000000070be00000, 0x000000070be00000| Untracked 
| 173|0x000000070bf00000, 0x000000070bf00000, 0x000000070c000000|  0%| F|  |TAMS 0x000000070bf00000, 0x000000070bf00000| Untracked 
| 174|0x000000070c000000, 0x000000070c000000, 0x000000070c100000|  0%| F|  |TAMS 0x000000070c000000, 0x000000070c000000| Untracked 
| 175|0x000000070c100000, 0x000000070c100000, 0x000000070c200000|  0%| F|  |TAMS 0x000000070c100000, 0x000000070c100000| Untracked 
| 176|0x000000070c200000, 0x000000070c200000, 0x000000070c300000|  0%| F|  |TAMS 0x000000070c200000, 0x000000070c200000| Untracked 
| 177|0x000000070c300000, 0x000000070c300000, 0x000000070c400000|  0%| F|  |TAMS 0x000000070c300000, 0x000000070c300000| Untracked 
| 178|0x000000070c400000, 0x000000070c400000, 0x000000070c500000|  0%| F|  |TAMS 0x000000070c400000, 0x000000070c400000| Untracked 
| 179|0x000000070c500000, 0x000000070c500000, 0x000000070c600000|  0%| F|  |TAMS 0x000000070c500000, 0x000000070c500000| Untracked 
| 180|0x000000070c600000, 0x000000070c600000, 0x000000070c700000|  0%| F|  |TAMS 0x000000070c600000, 0x000000070c600000| Untracked 
| 181|0x000000070c700000, 0x000000070c700000, 0x000000070c800000|  0%| F|  |TAMS 0x000000070c700000, 0x000000070c700000| Untracked 
| 182|0x000000070c800000, 0x000000070c800000, 0x000000070c900000|  0%| F|  |TAMS 0x000000070c800000, 0x000000070c800000| Untracked 
| 183|0x000000070c900000, 0x000000070c900000, 0x000000070ca00000|  0%| F|  |TAMS 0x000000070c900000, 0x000000070c900000| Untracked 
| 184|0x000000070ca00000, 0x000000070ca00000, 0x000000070cb00000|  0%| F|  |TAMS 0x000000070ca00000, 0x000000070ca00000| Untracked 
| 185|0x000000070cb00000, 0x000000070cb00000, 0x000000070cc00000|  0%| F|  |TAMS 0x000000070cb00000, 0x000000070cb00000| Untracked 
| 186|0x000000070cc00000, 0x000000070cc00000, 0x000000070cd00000|  0%| F|  |TAMS 0x000000070cc00000, 0x000000070cc00000| Untracked 
| 187|0x000000070cd00000, 0x000000070cd00000, 0x000000070ce00000|  0%| F|  |TAMS 0x000000070cd00000, 0x000000070cd00000| Untracked 
| 188|0x000000070ce00000, 0x000000070ce00000, 0x000000070cf00000|  0%| F|  |TAMS 0x000000070ce00000, 0x000000070ce00000| Untracked 
| 189|0x000000070cf00000, 0x000000070cf00000, 0x000000070d000000|  0%| F|  |TAMS 0x000000070cf00000, 0x000000070cf00000| Untracked 
| 190|0x000000070d000000, 0x000000070d000000, 0x000000070d100000|  0%| F|  |TAMS 0x000000070d000000, 0x000000070d000000| Untracked 
| 191|0x000000070d100000, 0x000000070d100000, 0x000000070d200000|  0%| F|  |TAMS 0x000000070d100000, 0x000000070d100000| Untracked 
| 192|0x000000070d200000, 0x000000070d200000, 0x000000070d300000|  0%| F|  |TAMS 0x000000070d200000, 0x000000070d200000| Untracked 
| 193|0x000000070d300000, 0x000000070d300000, 0x000000070d400000|  0%| F|  |TAMS 0x000000070d300000, 0x000000070d300000| Untracked 
| 194|0x000000070d400000, 0x000000070d400000, 0x000000070d500000|  0%| F|  |TAMS 0x000000070d400000, 0x000000070d400000| Untracked 
| 195|0x000000070d500000, 0x000000070d500000, 0x000000070d600000|  0%| F|  |TAMS 0x000000070d500000, 0x000000070d500000| Untracked 
| 196|0x000000070d600000, 0x000000070d600000, 0x000000070d700000|  0%| F|  |TAMS 0x000000070d600000, 0x000000070d600000| Untracked 
| 197|0x000000070d700000, 0x000000070d700000, 0x000000070d800000|  0%| F|  |TAMS 0x000000070d700000, 0x000000070d700000| Untracked 
| 198|0x000000070d800000, 0x000000070d800000, 0x000000070d900000|  0%| F|  |TAMS 0x000000070d800000, 0x000000070d800000| Untracked 
| 199|0x000000070d900000, 0x000000070d900000, 0x000000070da00000|  0%| F|  |TAMS 0x000000070d900000, 0x000000070d900000| Untracked 
| 200|0x000000070da00000, 0x000000070da00000, 0x000000070db00000|  0%| F|  |TAMS 0x000000070da00000, 0x000000070da00000| Untracked 
| 201|0x000000070db00000, 0x000000070db00000, 0x000000070dc00000|  0%| F|  |TAMS 0x000000070db00000, 0x000000070db00000| Untracked 
| 202|0x000000070dc00000, 0x000000070dc00000, 0x000000070dd00000|  0%| F|  |TAMS 0x000000070dc00000, 0x000000070dc00000| Untracked 
| 203|0x000000070dd00000, 0x000000070dd00000, 0x000000070de00000|  0%| F|  |TAMS 0x000000070dd00000, 0x000000070dd00000| Untracked 
| 204|0x000000070de00000, 0x000000070de00000, 0x000000070df00000|  0%| F|  |TAMS 0x000000070de00000, 0x000000070de00000| Untracked 
| 205|0x000000070df00000, 0x000000070df00000, 0x000000070e000000|  0%| F|  |TAMS 0x000000070df00000, 0x000000070df00000| Untracked 
| 206|0x000000070e000000, 0x000000070e000000, 0x000000070e100000|  0%| F|  |TAMS 0x000000070e000000, 0x000000070e000000| Untracked 
| 207|0x000000070e100000, 0x000000070e100000, 0x000000070e200000|  0%| F|  |TAMS 0x000000070e100000, 0x000000070e100000| Untracked 
| 208|0x000000070e200000, 0x000000070e200000, 0x000000070e300000|  0%| F|  |TAMS 0x000000070e200000, 0x000000070e200000| Untracked 
| 209|0x000000070e300000, 0x000000070e300000, 0x000000070e400000|  0%| F|  |TAMS 0x000000070e300000, 0x000000070e300000| Untracked 
| 210|0x000000070e400000, 0x000000070e400000, 0x000000070e500000|  0%| F|  |TAMS 0x000000070e400000, 0x000000070e400000| Untracked 
| 211|0x000000070e500000, 0x000000070e500000, 0x000000070e600000|  0%| F|  |TAMS 0x000000070e500000, 0x000000070e500000| Untracked 
| 212|0x000000070e600000, 0x000000070e600000, 0x000000070e700000|  0%| F|  |TAMS 0x000000070e600000, 0x000000070e600000| Untracked 
| 213|0x000000070e700000, 0x000000070e700000, 0x000000070e800000|  0%| F|  |TAMS 0x000000070e700000, 0x000000070e700000| Untracked 
| 214|0x000000070e800000, 0x000000070e800000, 0x000000070e900000|  0%| F|  |TAMS 0x000000070e800000, 0x000000070e800000| Untracked 
| 215|0x000000070e900000, 0x000000070e900000, 0x000000070ea00000|  0%| F|  |TAMS 0x000000070e900000, 0x000000070e900000| Untracked 
| 216|0x000000070ea00000, 0x000000070ea00000, 0x000000070eb00000|  0%| F|  |TAMS 0x000000070ea00000, 0x000000070ea00000| Untracked 
| 217|0x000000070eb00000, 0x000000070eb00000, 0x000000070ec00000|  0%| F|  |TAMS 0x000000070eb00000, 0x000000070eb00000| Untracked 
| 218|0x000000070ec00000, 0x000000070ec00000, 0x000000070ed00000|  0%| F|  |TAMS 0x000000070ec00000, 0x000000070ec00000| Untracked 
| 219|0x000000070ed00000, 0x000000070ed00000, 0x000000070ee00000|  0%| F|  |TAMS 0x000000070ed00000, 0x000000070ed00000| Untracked 
| 220|0x000000070ee00000, 0x000000070ee00000, 0x000000070ef00000|  0%| F|  |TAMS 0x000000070ee00000, 0x000000070ee00000| Untracked 
| 221|0x000000070ef00000, 0x000000070ef00000, 0x000000070f000000|  0%| F|  |TAMS 0x000000070ef00000, 0x000000070ef00000| Untracked 
| 222|0x000000070f000000, 0x000000070f000000, 0x000000070f100000|  0%| F|  |TAMS 0x000000070f000000, 0x000000070f000000| Untracked 
| 223|0x000000070f100000, 0x000000070f100000, 0x000000070f200000|  0%| F|  |TAMS 0x000000070f100000, 0x000000070f100000| Untracked 
| 224|0x000000070f200000, 0x000000070f200000, 0x000000070f300000|  0%| F|  |TAMS 0x000000070f200000, 0x000000070f200000| Untracked 
| 225|0x000000070f300000, 0x000000070f300000, 0x000000070f400000|  0%| F|  |TAMS 0x000000070f300000, 0x000000070f300000| Untracked 
| 226|0x000000070f400000, 0x000000070f400000, 0x000000070f500000|  0%| F|  |TAMS 0x000000070f400000, 0x000000070f400000| Untracked 
| 227|0x000000070f500000, 0x000000070f500000, 0x000000070f600000|  0%| F|  |TAMS 0x000000070f500000, 0x000000070f500000| Untracked 
| 228|0x000000070f600000, 0x000000070f600000, 0x000000070f700000|  0%| F|  |TAMS 0x000000070f600000, 0x000000070f600000| Untracked 
| 229|0x000000070f700000, 0x000000070f800000, 0x000000070f800000|100%| S|CS|TAMS 0x000000070f700000, 0x000000070f700000| Complete 
| 230|0x000000070f800000, 0x000000070f900000, 0x000000070f900000|100%| S|CS|TAMS 0x000000070f800000, 0x000000070f800000| Complete 
| 231|0x000000070f900000, 0x000000070fa00000, 0x000000070fa00000|100%| S|CS|TAMS 0x000000070f900000, 0x000000070f900000| Complete 
| 232|0x000000070fa00000, 0x000000070fa00000, 0x000000070fb00000|  0%| F|  |TAMS 0x000000070fa00000, 0x000000070fa00000| Untracked 
| 233|0x000000070fb00000, 0x000000070fb00000, 0x000000070fc00000|  0%| F|  |TAMS 0x000000070fb00000, 0x000000070fb00000| Untracked 
| 234|0x000000070fc00000, 0x000000070fc00000, 0x000000070fd00000|  0%| F|  |TAMS 0x000000070fc00000, 0x000000070fc00000| Untracked 
| 235|0x000000070fd00000, 0x000000070fd00000, 0x000000070fe00000|  0%| F|  |TAMS 0x000000070fd00000, 0x000000070fd00000| Untracked 
| 236|0x000000070fe00000, 0x000000070fe00000, 0x000000070ff00000|  0%| F|  |TAMS 0x000000070fe00000, 0x000000070fe00000| Untracked 
| 237|0x000000070ff00000, 0x0000000710000000, 0x0000000710000000|100%| E|  |TAMS 0x000000070ff00000, 0x000000070ff00000| Complete 
| 238|0x0000000710000000, 0x0000000710100000, 0x0000000710100000|100%| E|CS|TAMS 0x0000000710000000, 0x0000000710000000| Complete 
| 239|0x0000000710100000, 0x0000000710200000, 0x0000000710200000|100%| E|CS|TAMS 0x0000000710100000, 0x0000000710100000| Complete 
| 240|0x0000000710200000, 0x0000000710300000, 0x0000000710300000|100%| E|CS|TAMS 0x0000000710200000, 0x0000000710200000| Complete 
| 241|0x0000000710300000, 0x0000000710400000, 0x0000000710400000|100%| E|CS|TAMS 0x0000000710300000, 0x0000000710300000| Complete 
| 242|0x0000000710400000, 0x0000000710500000, 0x0000000710500000|100%| E|CS|TAMS 0x0000000710400000, 0x0000000710400000| Complete 
| 243|0x0000000710500000, 0x0000000710600000, 0x0000000710600000|100%| E|CS|TAMS 0x0000000710500000, 0x0000000710500000| Complete 
| 244|0x0000000710600000, 0x0000000710700000, 0x0000000710700000|100%| E|  |TAMS 0x0000000710600000, 0x0000000710600000| Complete 
| 245|0x0000000710700000, 0x0000000710800000, 0x0000000710800000|100%| E|CS|TAMS 0x0000000710700000, 0x0000000710700000| Complete 
| 246|0x0000000710800000, 0x0000000710900000, 0x0000000710900000|100%| E|CS|TAMS 0x0000000710800000, 0x0000000710800000| Complete 
| 247|0x0000000710900000, 0x0000000710a00000, 0x0000000710a00000|100%| E|CS|TAMS 0x0000000710900000, 0x0000000710900000| Complete 
| 248|0x0000000710a00000, 0x0000000710b00000, 0x0000000710b00000|100%| E|CS|TAMS 0x0000000710a00000, 0x0000000710a00000| Complete 
| 249|0x0000000710b00000, 0x0000000710c00000, 0x0000000710c00000|100%| E|CS|TAMS 0x0000000710b00000, 0x0000000710b00000| Complete 
| 250|0x0000000710c00000, 0x0000000710d00000, 0x0000000710d00000|100%| E|CS|TAMS 0x0000000710c00000, 0x0000000710c00000| Complete 
| 251|0x0000000710d00000, 0x0000000710e00000, 0x0000000710e00000|100%| E|CS|TAMS 0x0000000710d00000, 0x0000000710d00000| Complete 
| 252|0x0000000710e00000, 0x0000000710f00000, 0x0000000710f00000|100%| E|CS|TAMS 0x0000000710e00000, 0x0000000710e00000| Complete 
| 253|0x0000000710f00000, 0x0000000711000000, 0x0000000711000000|100%| E|CS|TAMS 0x0000000710f00000, 0x0000000710f00000| Complete 
| 254|0x0000000711000000, 0x0000000711100000, 0x0000000711100000|100%| E|CS|TAMS 0x0000000711000000, 0x0000000711000000| Complete 
| 255|0x0000000711100000, 0x0000000711200000, 0x0000000711200000|100%| E|CS|TAMS 0x0000000711100000, 0x0000000711100000| Complete 

Card table byte_map: [0x000001fc59060000,0x000001fc59860000] _byte_map_base: 0x000001fc55857000

Marking Bits (Prev, Next): (CMBitMap*) 0x000001fc403eb498, (CMBitMap*) 0x000001fc403eb4d0
 Prev Bits: [0x000001fc5a060000, 0x000001fc5e018000)
 Next Bits: [0x000001fc5e020000, 0x000001fc61fd8000)

Polling page: 0x000001fc3fb10000

Metaspace:

Usage:
  Non-class:     13.39 MB capacity,    13.28 MB (>99%) used,    86.59 KB ( <1%) free+waste,    28.63 KB ( <1%) overhead. 
      Class:      1.13 MB capacity,     1.02 MB ( 90%) used,   102.66 KB (  9%) free+waste,    13.19 KB (  1%) overhead. 
       Both:     14.53 MB capacity,    14.30 MB ( 98%) used,   189.25 KB (  1%) free+waste,    41.81 KB ( <1%) overhead. 

Virtual space:
  Non-class space:       14.00 MB reserved,      13.50 MB ( 96%) committed 
      Class space:        1.00 GB reserved,       1.25 MB ( <1%) committed 
             Both:        1.01 GB reserved,      14.75 MB (  1%) committed 

Chunk freelists:
   Non-Class:  48.00 KB
       Class:  0 bytes
        Both:  48.00 KB

MaxMetaspaceSize: 17179869184.00 GB
CompressedClassSpaceSize: 1.00 GB
Initial GC threshold: 20.80 MB
Current GC threshold: 20.80 MB
CDS: off

CodeHeap 'non-profiled nmethods': size=119168Kb used=804Kb max_used=804Kb free=118363Kb
 bounds [0x000001fc50630000, 0x000001fc508a0000, 0x000001fc57a90000]
CodeHeap 'profiled nmethods': size=119168Kb used=2899Kb max_used=2899Kb free=116268Kb
 bounds [0x000001fc491d0000, 0x000001fc494b0000, 0x000001fc50630000]
CodeHeap 'non-nmethods': size=7424Kb used=1815Kb max_used=2416Kb free=5608Kb
 bounds [0x000001fc48a90000, 0x000001fc48d00000, 0x000001fc491d0000]
 total_blobs=2915 nmethods=1630 adapters=1198
 compilation: enabled
              stopped_count=0, restarted_count=0
 full_count=0

Compilation events (20 events):
Event: 1.887 Thread 0x000001fc66039800 nmethod 1620 0x000001fc506efe10 code [0x000001fc506effa0, 0x000001fc506f0178]
Event: 1.982 Thread 0x000001fc66039800 1621       4       org.lwjgl.opengl.GL::checkCapabilities (22 bytes)
Event: 1.983 Thread 0x000001fc66039800 nmethod 1621 0x000001fc506f0290 code [0x000001fc506f0420, 0x000001fc506f0478]
Event: 2.006 Thread 0x000001fc66039800 1622       4       java.nio.ByteBuffer::order (48 bytes)
Event: 2.006 Thread 0x000001fc66039800 nmethod 1622 0x000001fc506f0590 code [0x000001fc506f0720, 0x000001fc506f07b8]
Event: 2.006 Thread 0x000001fc66039800 1623       4       jdk.internal.misc.Unsafe::checkNativeAddress (28 bytes)
Event: 2.006 Thread 0x000001fc66039800 nmethod 1623 0x000001fc506f0890 code [0x000001fc506f0a20, 0x000001fc506f0a78]
Event: 2.085 Thread 0x000001fc66039800 1624   !   4       java.nio.DirectByteBuffer::<init> (145 bytes)
Event: 2.093 Thread 0x000001fc66039800 nmethod 1624 0x000001fc506f0b90 code [0x000001fc506f0da0, 0x000001fc506f1bc8]
Event: 2.133 Thread 0x000001fc66039800 1625       4       org.lwjgl.system.APIUtil::apiCheckAllocation (46 bytes)
Event: 2.133 Thread 0x000001fc66039800 nmethod 1625 0x000001fc506f2210 code [0x000001fc506f23a0, 0x000001fc506f23d8]
Event: 2.134 Thread 0x000001fc66039800 1626       4       java.nio.DirectByteBuffer::asFloatBuffer (163 bytes)
Event: 2.136 Thread 0x000001fc66039800 nmethod 1626 0x000001fc506f2510 code [0x000001fc506f26c0, 0x000001fc506f28d8]
Event: 2.136 Thread 0x000001fc66039800 1627       4       org.joml.MemUtil$MemUtilUnsafe::put (60 bytes)
Event: 2.137 Thread 0x000001fc66039800 nmethod 1627 0x000001fc506f2b10 code [0x000001fc506f2ca0, 0x000001fc506f2d78]
Event: 2.163 Thread 0x000001fc66039800 1628       4       june.entity.Entity::update (36 bytes)
Event: 2.173 Thread 0x000001fc66039800 nmethod 1628 0x000001fc506f2e90 code [0x000001fc506f3060, 0x000001fc506f3c38]
Event: 2.183 Thread 0x000001fc66039800 1629       4       java.util.ArrayList::iterator (9 bytes)
Event: 2.183 Thread 0x000001fc66039800 nmethod 1629 0x000001fc506f4490 code [0x000001fc506f4620, 0x000001fc506f4718]
Event: 2.261 Thread 0x000001fc66039800 1630       4       june.graphics.RenderBatch::render (262 bytes)

GC Heap History (2 events):
Event: 0.576 GC heap before
{Heap before GC invocations=0 (full 0):
 garbage-first heap   total 262144K, used 23552K [0x0000000701200000, 0x0000000800000000)
  region size 1024K, 24 young (24576K), 0 survivors (0K)
 Metaspace       used 9400K, capacity 9559K, committed 9856K, reserved 1058816K
  class space    used 724K, capacity 790K, committed 896K, reserved 1048576K
}
Event: 0.578 GC heap after
{Heap after GC invocations=1 (full 0):
 garbage-first heap   total 262144K, used 3738K [0x0000000701200000, 0x0000000800000000)
  region size 1024K, 3 young (3072K), 3 survivors (3072K)
 Metaspace       used 9400K, capacity 9559K, committed 9856K, reserved 1058816K
  class space    used 724K, capacity 790K, committed 896K, reserved 1048576K
}

Deoptimization events (20 events):
Event: 0.588 Thread 0x000001fc40381000 DEOPT PACKING pc=0x000001fc5065f054 sp=0x0000003046afed90
Event: 0.588 Thread 0x000001fc40381000 DEOPT UNPACKING pc=0x000001fc48ada1af sp=0x0000003046afed00 mode 2
Event: 0.737 Thread 0x000001fc40381000 DEOPT PACKING pc=0x000001fc491e985b sp=0x0000003046afe240
Event: 0.737 Thread 0x000001fc40381000 DEOPT UNPACKING pc=0x000001fc48ada95e sp=0x0000003046afd6b8 mode 0
Event: 0.745 Thread 0x000001fc40381000 Uncommon trap: trap_request=0xffffffde fr.pc=0x000001fc506862f8 relative=0x0000000000001118
Event: 0.745 Thread 0x000001fc40381000 Uncommon trap: reason=class_check action=maybe_recompile pc=0x000001fc506862f8 method=jdk.internal.loader.URLClassPath.getLoader(I)Ljdk/internal/loader/URLClassPath$Loader; @ 88 c2
Event: 0.745 Thread 0x000001fc40381000 DEOPT PACKING pc=0x000001fc506862f8 sp=0x0000003046afc1c0
Event: 0.746 Thread 0x000001fc40381000 DEOPT UNPACKING pc=0x000001fc48ada1af sp=0x0000003046afc1b0 mode 2
Event: 0.746 Thread 0x000001fc40381000 Uncommon trap: trap_request=0xffffff4d fr.pc=0x000001fc50683728 relative=0x00000000000001c8
Event: 0.746 Thread 0x000001fc40381000 Uncommon trap: reason=unstable_if action=reinterpret pc=0x000001fc50683728 method=java.io.WinNTFileSystem.normalize(Ljava/lang/String;)Ljava/lang/String; @ 128 c2
Event: 0.746 Thread 0x000001fc40381000 DEOPT PACKING pc=0x000001fc50683728 sp=0x0000003046afbbc0
Event: 0.746 Thread 0x000001fc40381000 DEOPT UNPACKING pc=0x000001fc48ada1af sp=0x0000003046afbb38 mode 2
Event: 0.746 Thread 0x000001fc40381000 Uncommon trap: trap_request=0xffffff4d fr.pc=0x000001fc5069c4d4 relative=0x00000000000001b4
Event: 0.746 Thread 0x000001fc40381000 Uncommon trap: reason=unstable_if action=reinterpret pc=0x000001fc5069c4d4 method=java.lang.String.startsWith(Ljava/lang/String;I)Z @ 14 c2
Event: 0.746 Thread 0x000001fc40381000 DEOPT PACKING pc=0x000001fc5069c4d4 sp=0x0000003046afc050
Event: 0.746 Thread 0x000001fc40381000 DEOPT UNPACKING pc=0x000001fc48ada1af sp=0x0000003046afbf60 mode 2
Event: 0.812 Thread 0x000001fc40381000 Uncommon trap: trap_request=0xffffff5c fr.pc=0x000001fc50687bf8 relative=0x0000000000000058
Event: 0.812 Thread 0x000001fc40381000 Uncommon trap: reason=speculate_null_assert action=make_not_entrant pc=0x000001fc50687bf8 method=sun.misc.Unsafe.getLong(Ljava/lang/Object;J)J @ 5 c2
Event: 0.812 Thread 0x000001fc40381000 DEOPT PACKING pc=0x000001fc50687bf8 sp=0x0000003046afeec0
Event: 0.812 Thread 0x000001fc40381000 DEOPT UNPACKING pc=0x000001fc48ada1af sp=0x0000003046afee48 mode 2

Classes redefined (0 events):
No events

Internal exceptions (20 events):
Event: 0.598 Thread 0x000001fc40381000 Exception <a 'java/lang/NoSuchMethodError'{0x00000007110514f8}: 'java.lang.Object java.lang.invoke.DirectMethodHandle$Holder.invokeStatic(java.lang.Object, java.lang.Object, java.lang.Object, java.lang.Object, java.lang.Object, java.lang.Object, java.lang.Object, java.lang.Object, java.lang.Object, java.lang.Object, java.lang.Object, int, int, java.lang.Object)'> (0x00000007110514f8) thrown at [./src/hotspot/share/interpreter/linkResolver.cpp, line 773]
Event: 0.599 Thread 0x000001fc40381000 Exception <a 'java/lang/NoSuchMethodError'{0x0000000711071fb8}: 'java.lang.Object java.lang.invoke.DirectMethodHandle$Holder.invokeStatic(java.lang.Object, java.lang.Object, java.lang.Object, java.lang.Object, java.lang.Object, java.lang.Object, java.lang.Object, java.lang.Object, java.lang.Object, java.lang.Object, java.lang.Object, int, int, java.lang.Object, java.lang.Object)'> (0x0000000711071fb8) thrown at [./src/hotspot/share/interpreter/linkResolver.cpp, line 773]
Event: 0.609 Thread 0x000001fc40381000 Exception <a 'sun/nio/fs/WindowsException'{0x0000000710f7c008}> (0x0000000710f7c008) thrown at [./src/hotspot/share/prims/jni.cpp, line 617]
Event: 0.672 Thread 0x000001fc40381000 Exception <a 'java/security/PrivilegedActionException'{0x0000000710bafaa0}> (0x0000000710bafaa0) thrown at [./src/hotspot/share/prims/jvm.cpp, line 1306]
Event: 0.672 Thread 0x000001fc40381000 Exception <a 'java/security/PrivilegedActionException'{0x0000000710bafd70}> (0x0000000710bafd70) thrown at [./src/hotspot/share/prims/jvm.cpp, line 1306]
Event: 0.672 Thread 0x000001fc40381000 Exception <a 'java/security/PrivilegedActionException'{0x0000000710bb1420}> (0x0000000710bb1420) thrown at [./src/hotspot/share/prims/jvm.cpp, line 1306]
Event: 0.672 Thread 0x000001fc40381000 Exception <a 'java/security/PrivilegedActionException'{0x0000000710bb16f0}> (0x0000000710bb16f0) thrown at [./src/hotspot/share/prims/jvm.cpp, line 1306]
Event: 0.672 Thread 0x000001fc40381000 Exception <a 'java/security/PrivilegedActionException'{0x0000000710bbece0}> (0x0000000710bbece0) thrown at [./src/hotspot/share/prims/jvm.cpp, line 1306]
Event: 0.672 Thread 0x000001fc40381000 Exception <a 'java/security/PrivilegedActionException'{0x0000000710bbefb0}> (0x0000000710bbefb0) thrown at [./src/hotspot/share/prims/jvm.cpp, line 1306]
Event: 0.713 Thread 0x000001fc40381000 Exception <a 'sun/nio/fs/WindowsException'{0x0000000710ae1430}> (0x0000000710ae1430) thrown at [./src/hotspot/share/prims/jni.cpp, line 617]
Event: 0.713 Thread 0x000001fc40381000 Exception <a 'sun/nio/fs/WindowsException'{0x0000000710ae17b0}> (0x0000000710ae17b0) thrown at [./src/hotspot/share/prims/jni.cpp, line 617]
Event: 0.741 Thread 0x000001fc40381000 Exception <a 'java/lang/NoSuchMethodError'{0x000000071082c5b8}: 'void java.lang.invoke.DirectMethodHandle$Holder.invokeVirtual(java.lang.Object, java.lang.Object)'> (0x000000071082c5b8) thrown at [./src/hotspot/share/interpreter/linkResolver.cpp, line 773]
Event: 0.823 Thread 0x000001fc40381000 Exception <a 'java/lang/ClassNotFoundException'{0x000000071037e4b0}: sun/awt/resources/spi/awtProvider> (0x000000071037e4b0) thrown at [./src/hotspot/share/classfile/systemDictionary.cpp, line 230]
Event: 0.838 Thread 0x000001fc40381000 Exception <a 'java/io/FileNotFoundException'{0x00000007103d8378}> (0x00000007103d8378) thrown at [./src/hotspot/share/prims/jni.cpp, line 617]
Event: 0.841 Thread 0x000001fc40381000 Exception <a 'java/lang/NoSuchMethodError'{0x00000007102335f0}: 'java.lang.Object java.lang.invoke.DirectMethodHandle$Holder.invokeStatic(java.lang.Object, java.lang.Object, java.lang.Object, java.lang.Object, java.lang.Object, java.lang.Object, java.lang.Object, java.lang.Object, java.lang.Object, java.lang.Object, java.lang.Object, java.lang.Object, java.lang.Object, java.lang.Object, java.lang.Object)'> (0x00000007102335f0) thrown at [./src/hotspot/share/interpreter/linkResolver.cpp, line 773]
Event: 0.842 Thread 0x000001fc40381000 Exception <a 'java/lang/NoSuchMethodError'{0x00000007102411a0}: 'java.lang.Object java.lang.invoke.DirectMethodHandle$Holder.invokeStatic(java.lang.Object, java.lang.Object, java.lang.Object, java.lang.Object, java.lang.Object, java.lang.Object, java.lang.Object, java.lang.Object, java.lang.Object, java.lang.Object, java.lang.Object, java.lang.Object, java.lang.Object, java.lang.Object, java.lang.Object, java.lang.Object)'> (0x00000007102411a0) thrown at [./src/hotspot/share/interpreter/linkResolver.cpp, l
Event: 0.842 Thread 0x000001fc40381000 Exception <a 'java/lang/NoSuchMethodError'{0x000000071024ee10}: 'java.lang.Object java.lang.invoke.DirectMethodHandle$Holder.invokeSpecial(java.lang.Object, java.lang.Object, int, int, java.lang.Object, java.lang.Object, java.lang.Object)'> (0x000000071024ee10) thrown at [./src/hotspot/share/interpreter/linkResolver.cpp, line 773]
Event: 0.842 Thread 0x000001fc40381000 Exception <a 'java/lang/NoSuchMethodError'{0x00000007102523a0}: 'java.lang.Object java.lang.invoke.DelegatingMethodHandle$Holder.reinvoke_L(java.lang.Object, int, int, java.lang.Object, java.lang.Object, java.lang.Object)'> (0x00000007102523a0) thrown at [./src/hotspot/share/interpreter/linkResolver.cpp, line 773]
Event: 0.842 Thread 0x000001fc40381000 Exception <a 'java/lang/NoSuchMethodError'{0x0000000710256628}: 'java.lang.Object java.lang.invoke.DirectMethodHandle$Holder.invokeStatic(java.lang.Object, java.lang.Object, java.lang.Object, java.lang.Object, int)'> (0x0000000710256628) thrown at [./src/hotspot/share/interpreter/linkResolver.cpp, line 773]
Event: 0.845 Thread 0x000001fc40381000 Exception <a 'java/io/FileNotFoundException'{0x00000007102b71b8}> (0x00000007102b71b8) thrown at [./src/hotspot/share/prims/jni.cpp, line 617]

Events (20 events):
Event: 1.069 Loaded shared library C:\Users\cyber\AppData\Local\Temp\lwjgl_cyber\3.3.4+7\x64\lwjgl.dll
Event: 1.070 Loaded shared library C:\Users\cyber\AppData\Local\Temp\lwjgl_cyber\3.3.4+7\x64\lwjgl.dll
Event: 1.072 Loaded shared library C:\Users\cyber\AppData\Local\Temp\lwjgl_cyber\3.3.4+7\x64\lwjgl_opengl.dll
Event: 1.076 Loaded shared library C:\Users\cyber\AppData\Local\Temp\imgui-java-natives_1731645635102\imgui-java64.dll
Event: 1.077 Loaded shared library C:\Users\cyber\AppData\Local\Temp\lwjgl_cyber\3.3.4+7\x64\lwjgl.dll
Event: 1.078 Loaded shared library C:\Users\cyber\AppData\Local\Temp\lwjgl_cyber\3.3.4+7\x64\lwjgl.dll
Event: 1.080 Loaded shared library C:\Users\cyber\AppData\Local\Temp\imgui-java-natives_1731645635102\imgui-java64.dll
Event: 1.083 Loaded shared library C:\Users\cyber\AppData\Local\Temp\imgui-java-natives_1731645635102\imgui-java64.dll
Event: 1.085 Loaded shared library C:\Users\cyber\AppData\Local\Temp\imgui-java-natives_1731645635102\imgui-java64.dll
Event: 1.087 Loaded shared library C:\Users\cyber\AppData\Local\Temp\imgui-java-natives_1731645635102\imgui-java64.dll
Event: 1.090 Loaded shared library C:\Users\cyber\AppData\Local\Temp\lwjgl_cyber\3.3.4+7\x64\lwjgl_opengl.dll
Event: 1.093 Loaded shared library C:\Users\cyber\AppData\Local\Temp\lwjgl_cyber\3.3.4+7\x64\lwjgl_opengl.dll
Event: 1.095 Loaded shared library C:\Users\cyber\AppData\Local\Temp\lwjgl_cyber\3.3.4+7\x64\lwjgl_opengl.dll
Event: 1.098 Loaded shared library C:\Users\cyber\AppData\Local\Temp\lwjgl_cyber\3.3.4+7\x64\lwjgl_opengl.dll
Event: 1.099 Loaded shared library C:\Users\cyber\AppData\Local\Temp\lwjgl_cyber\3.3.4+7\x64\lwjgl.dll
Event: 1.101 Loaded shared library C:\Users\cyber\AppData\Local\Temp\lwjgl_cyber\3.3.4+7\x64\lwjgl_opengl.dll
Event: 1.103 Loaded shared library C:\Users\cyber\AppData\Local\Temp\lwjgl_cyber\3.3.4+7\x64\lwjgl_opengl.dll
Event: 1.105 Loaded shared library C:\Users\cyber\AppData\Local\Temp\lwjgl_cyber\3.3.4+7\x64\lwjgl_opengl.dll
Event: 1.165 Loaded shared library C:\Users\cyber\AppData\Local\Temp\lwjgl_cyber\3.3.4+7\x64\lwjgl.dll
Event: 1.982 Thread 0x000001fc64802000 Thread exited: 0x000001fc64802000


Dynamic libraries:
0x00007ff7c6650000 - 0x00007ff7c665d000 	C:\Program Files\Microsoft\jdk-11.0.16.101-hotspot\bin\java.exe
0x00007ffbfb810000 - 0x00007ffbfba27000 	C:\WINDOWS\SYSTEM32\ntdll.dll
0x00007ffbf9af0000 - 0x00007ffbf9bb4000 	C:\WINDOWS\System32\KERNEL32.DLL
0x00007ffbf8d60000 - 0x00007ffbf9117000 	C:\WINDOWS\System32\KERNELBASE.dll
0x000000006ec60000 - 0x000000006ef91000 	C:\Program Files\Norton Security\NortonData\22.23.5.106\Definitions\IPSDefs\20231013.064\IPSEng64.dll
0x00007ffbf9a30000 - 0x00007ffbf9ae2000 	C:\WINDOWS\System32\ADVAPI32.dll
0x00007ffbfa860000 - 0x00007ffbfa907000 	C:\WINDOWS\System32\msvcrt.dll
0x00007ffbf9bc0000 - 0x00007ffbf9c68000 	C:\WINDOWS\System32\sechost.dll
0x00007ffbf9120000 - 0x00007ffbf9148000 	C:\WINDOWS\System32\bcrypt.dll
0x00007ffbfb6b0000 - 0x00007ffbfb7c4000 	C:\WINDOWS\System32\RPCRT4.dll
0x00007ffbfa400000 - 0x00007ffbfa408000 	C:\WINDOWS\System32\PSAPI.DLL
0x00007ffbf8c40000 - 0x00007ffbf8d51000 	C:\WINDOWS\System32\ucrtbase.dll
0x00007ffbe8470000 - 0x00007ffbe8487000 	C:\Program Files\Microsoft\jdk-11.0.16.101-hotspot\bin\jli.dll
0x00007ffbe3730000 - 0x00007ffbe3745000 	C:\Program Files\Microsoft\jdk-11.0.16.101-hotspot\bin\VCRUNTIME140.dll
0x00007ffbf96f0000 - 0x00007ffbf989f000 	C:\WINDOWS\System32\USER32.dll
0x00007ffbf93e0000 - 0x00007ffbf9406000 	C:\WINDOWS\System32\win32u.dll
0x00007ffbe0560000 - 0x00007ffbe07f3000 	C:\WINDOWS\WinSxS\amd64_microsoft.windows.common-controls_6595b64144ccf1df_6.0.22621.3672_none_2713b9d173822955\COMCTL32.dll
0x00007ffbfabf0000 - 0x00007ffbfac19000 	C:\WINDOWS\System32\GDI32.dll
0x00007ffbf8b20000 - 0x00007ffbf8c38000 	C:\WINDOWS\System32\gdi32full.dll
0x00007ffbf9150000 - 0x00007ffbf91ea000 	C:\WINDOWS\System32\msvcp_win.dll
0x00007ffbfa3b0000 - 0x00007ffbfa3e1000 	C:\WINDOWS\System32\IMM32.DLL
0x00007ffbd6770000 - 0x00007ffbd680b000 	C:\Program Files\Microsoft\jdk-11.0.16.101-hotspot\bin\msvcp140.dll
0x00007ffae6c90000 - 0x00007ffae781a000 	C:\Program Files\Microsoft\jdk-11.0.16.101-hotspot\bin\server\jvm.dll
0x00007ffbf4b40000 - 0x00007ffbf4b49000 	C:\WINDOWS\SYSTEM32\WSOCK32.dll
0x00007ffbea100000 - 0x00007ffbea134000 	C:\WINDOWS\SYSTEM32\WINMM.dll
0x00007ffbef860000 - 0x00007ffbef86a000 	C:\WINDOWS\SYSTEM32\VERSION.dll
0x00007ffbfada0000 - 0x00007ffbfae11000 	C:\WINDOWS\System32\WS2_32.dll
0x00007ffbf7c60000 - 0x00007ffbf7c78000 	C:\WINDOWS\SYSTEM32\kernel.appcore.dll
0x00007ffbf3d10000 - 0x00007ffbf3d20000 	C:\Program Files\Microsoft\jdk-11.0.16.101-hotspot\bin\verify.dll
0x00007ffbf22f0000 - 0x00007ffbf2522000 	C:\WINDOWS\SYSTEM32\DBGHELP.DLL
0x00007ffbfa410000 - 0x00007ffbfa79e000 	C:\WINDOWS\System32\combase.dll
0x00007ffbf9cd0000 - 0x00007ffbf9da7000 	C:\WINDOWS\System32\OLEAUT32.dll
0x00007ffbdf2d0000 - 0x00007ffbdf302000 	C:\WINDOWS\SYSTEM32\dbgcore.DLL
0x00007ffbf91f0000 - 0x00007ffbf926b000 	C:\WINDOWS\System32\bcryptPrimitives.dll
0x00007ffbdf340000 - 0x00007ffbdf368000 	C:\Program Files\Microsoft\jdk-11.0.16.101-hotspot\bin\java.dll
0x00007ffbe8530000 - 0x00007ffbe853a000 	C:\Program Files\Microsoft\jdk-11.0.16.101-hotspot\bin\jimage.dll
0x00007ffbdd020000 - 0x00007ffbdd038000 	C:\Program Files\Microsoft\jdk-11.0.16.101-hotspot\bin\zip.dll
0x00007ffbfae20000 - 0x00007ffbfb689000 	C:\WINDOWS\System32\SHELL32.dll
0x00007ffbf6a90000 - 0x00007ffbf738f000 	C:\WINDOWS\SYSTEM32\windows.storage.dll
0x00007ffbf6950000 - 0x00007ffbf6a8f000 	C:\WINDOWS\SYSTEM32\wintypes.dll
0x00007ffbf9930000 - 0x00007ffbf9a29000 	C:\WINDOWS\System32\SHCORE.dll
0x00007ffbf9c70000 - 0x00007ffbf9cce000 	C:\WINDOWS\System32\shlwapi.dll
0x00007ffbf8a50000 - 0x00007ffbf8a77000 	C:\WINDOWS\SYSTEM32\profapi.dll
0x00007ffbdbbc0000 - 0x00007ffbdbbd9000 	C:\Program Files\Microsoft\jdk-11.0.16.101-hotspot\bin\net.dll
0x00007ffbf4770000 - 0x00007ffbf48a6000 	C:\WINDOWS\SYSTEM32\WINHTTP.dll
0x00007ffbf80d0000 - 0x00007ffbf8139000 	C:\WINDOWS\system32\mswsock.dll
0x00007ffbdb5c0000 - 0x00007ffbdb5d3000 	C:\Program Files\Microsoft\jdk-11.0.16.101-hotspot\bin\nio.dll
0x00007ffbd5e10000 - 0x00007ffbd5e8b000 	C:\Users\cyber\AppData\Local\Temp\lwjgl_cyber\3.3.4+7\x64\lwjgl.dll
0x00007ffafa730000 - 0x00007ffafa9a1000 	C:\Users\cyber\AppData\Local\Temp\lwjgl_cyber\3.3.4+7\x64\jemalloc.dll
0x00007ffb84d30000 - 0x00007ffb84db5000 	C:\Users\cyber\AppData\Local\Temp\lwjgl_cyber\3.3.4+7\x64\glfw.dll
0x00007ffbdf390000 - 0x00007ffbdf3d6000 	C:\WINDOWS\SYSTEM32\dinput8.dll
0x00007ffbb97d0000 - 0x00007ffbb97e1000 	C:\WINDOWS\SYSTEM32\xinput1_4.dll
0x00007ffbf8810000 - 0x00007ffbf885e000 	C:\WINDOWS\SYSTEM32\cfgmgr32.dll
0x00007ffbf87e0000 - 0x00007ffbf880c000 	C:\WINDOWS\SYSTEM32\DEVOBJ.dll
0x00007ffbf64c0000 - 0x00007ffbf64eb000 	C:\WINDOWS\SYSTEM32\dwmapi.dll
0x00007ffbe3c70000 - 0x00007ffbe3e83000 	C:\WINDOWS\SYSTEM32\inputhost.dll
0x00007ffbf4180000 - 0x00007ffbf42b3000 	C:\WINDOWS\SYSTEM32\CoreMessaging.dll
0x00007ffbf6060000 - 0x00007ffbf6111000 	C:\WINDOWS\system32\uxtheme.dll
0x00007ffbf8320000 - 0x00007ffbf832c000 	C:\WINDOWS\SYSTEM32\CRYPTBASE.DLL
0x00007ffbfa250000 - 0x00007ffbfa3b0000 	C:\WINDOWS\System32\MSCTF.dll
0x00007ffbaae00000 - 0x00007ffbaaf00000 	C:\WINDOWS\SYSTEM32\opengl32.dll
0x00007ffbdbfe0000 - 0x00007ffbdc00d000 	C:\WINDOWS\SYSTEM32\GLU32.dll
0x00007ffbf6190000 - 0x00007ffbf61c7000 	C:\WINDOWS\SYSTEM32\dxcore.dll
0x00007ffbfa7a0000 - 0x00007ffbfa850000 	C:\WINDOWS\System32\clbcatq.dll
0x00007ffb80340000 - 0x00007ffb80370000 	C:\WINDOWS\System32\DriverStore\FileRepository\u0406033.inf_amd64_748403a97b53ff10\B405281\atig6pxx.dll
0x00007ffb15730000 - 0x00007ffb198f6000 	C:\WINDOWS\System32\DriverStore\FileRepository\u0406033.inf_amd64_748403a97b53ff10\B405281\atio6axx.dll
0x00007ffbf9db0000 - 0x00007ffbfa224000 	C:\WINDOWS\System32\SETUPAPI.dll
0x00007ffbf9410000 - 0x00007ffbf947c000 	C:\WINDOWS\System32\WINTRUST.dll
0x00007ffbf9270000 - 0x00007ffbf93d6000 	C:\WINDOWS\System32\CRYPT32.dll
0x00007ffbf87c0000 - 0x00007ffbf87d2000 	C:\WINDOWS\SYSTEM32\MSASN1.dll
0x00007ffbea090000 - 0x00007ffbea0c7000 	C:\WINDOWS\System32\DriverStore\FileRepository\u0406033.inf_amd64_748403a97b53ff10\B405281\amdihk64.dll
0x00007ffbf62c0000 - 0x00007ffbf63b7000 	C:\WINDOWS\system32\dxgi.dll
0x00007ffbe29a0000 - 0x00007ffbe29c6000 	C:\WINDOWS\system32\d3d12.dll
0x00007ffae1c30000 - 0x00007ffae6c86000 	C:\WINDOWS\System32\DriverStore\FileRepository\u0406033.inf_amd64_748403a97b53ff10\B405281\amdxc64.dll
0x00007ffbf0b90000 - 0x00007ffbf0bd9000 	C:\WINDOWS\SYSTEM32\directxdatabasehelper.dll
0x00007ffb804b0000 - 0x00007ffb806b2000 	C:\WINDOWS\system32\D3D12Core.dll
0x00007ffbf9540000 - 0x00007ffbf96e5000 	C:\WINDOWS\System32\ole32.dll
0x00007ffb838d0000 - 0x00007ffb838ff000 	C:\WINDOWS\SYSTEM32\D3DSCache.dll
0x00007ffbf81c0000 - 0x00007ffbf81e8000 	C:\WINDOWS\SYSTEM32\USERENV.dll
0x00007ffbeec40000 - 0x00007ffbeeee2000 	C:\WINDOWS\SYSTEM32\twinapi.appcore.dll
0x00007ffbf39b0000 - 0x00007ffbf3c05000 	C:\WINDOWS\SYSTEM32\dcomp.dll
0x00007ffbe7a70000 - 0x00007ffbe7bb3000 	C:\WINDOWS\SYSTEM32\textinputframework.dll
0x00007ffbf0470000 - 0x00007ffbf07dd000 	C:\WINDOWS\SYSTEM32\CoreUIComponents.dll
0x00007ffbd5da0000 - 0x00007ffbd5e01000 	C:\Users\cyber\AppData\Local\Temp\lwjgl_cyber\3.3.4+7\x64\lwjgl_opengl.dll
0x0000000064a00000 - 0x0000000064d10000 	C:\Users\cyber\AppData\Local\Temp\imgui-java-natives_1731645635102\imgui-java64.dll
0x00007ffbf8330000 - 0x00007ffbf834b000 	C:\WINDOWS\SYSTEM32\CRYPTSP.dll
0x00007ffbf7bc0000 - 0x00007ffbf7bf5000 	C:\WINDOWS\system32\rsaenh.dll
0x00007ffb84a40000 - 0x00007ffb84ae0000 	C:\Users\cyber\AppData\Local\Temp\lwjgl_cyber\3.3.4+7\x64\lwjgl_stb.dll
0x00007ffb841a0000 - 0x00007ffb8433a000 	C:\Program Files\Microsoft\jdk-11.0.16.101-hotspot\bin\awt.dll
0x00007ffbf4690000 - 0x00007ffbf4727000 	C:\WINDOWS\SYSTEM32\apphelp.dll

dbghelp: loaded successfully - version: 4.0.5 - missing functions: none
symbol engine: initialized successfully - sym options: 0x614 - pdb path: .;C:\Program Files\Microsoft\jdk-11.0.16.101-hotspot\bin;C:\WINDOWS\SYSTEM32;C:\Program Files\Norton Security\NortonData\22.23.5.106\Definitions\IPSDefs\20231013.064;C:\WINDOWS\WinSxS\amd64_microsoft.windows.common-controls_6595b64144ccf1df_6.0.22621.3672_none_2713b9d173822955;C:\Program Files\Microsoft\jdk-11.0.16.101-hotspot\bin\server;C:\Users\cyber\AppData\Local\Temp\lwjgl_cyber\3.3.4+7\x64;C:\WINDOWS\System32\DriverStore\FileRepository\u0406033.inf_amd64_748403a97b53ff10\B405281;C:\Users\cyber\AppData\Local\Temp\imgui-java-natives_1731645635102

VM Arguments:
jvm_args: -Dfile.encoding=UTF-8 -Duser.country=US -Duser.language=en -Duser.variant 
java_command: june.Application
java_class_path (initial): C:\Users\cyber\IdeaProjects\JuneEngine\JuneEditor\build\classes\java\main;C:\Users\cyber\IdeaProjects\JuneEngine\JuneEditor\build\resources\main;C:\Users\cyber\IdeaProjects\JuneEngine\JuneCore\build\libs\JuneCore-1.0-SNAPSHOT.jar;C:\Users\cyber\.gradle\caches\modules-2\files-2.1\io.github.spair\imgui-java-app\1.81.0\37a0be053a63da53c3628b3d6186ccbd380f7106\imgui-java-app-1.81.0.jar;C:\Users\cyber\.gradle\caches\modules-2\files-2.1\io.github.spair\imgui-java-lwjgl3\1.81.0\6c92680fc6e9951532445ecc35b44f2d4cd82d76\imgui-java-lwjgl3-1.81.0.jar;C:\Users\cyber\.gradle\caches\modules-2\files-2.1\org.lwjgl\lwjgl-assimp\3.3.4\4651577de25afb21511c4b39e1ee3002ab1cad5d\lwjgl-assimp-3.3.4.jar;C:\Users\cyber\.gradle\caches\modules-2\files-2.1\org.lwjgl\lwjgl-assimp\3.3.4\65a7534e8a97b340c5e9716e15339b2b8964d656\lwjgl-assimp-3.3.4-natives-windows.jar;C:\Users\cyber\.gradle\caches\modules-2\files-2.1\org.lwjgl\lwjgl-bgfx\3.3.4\6a1a1c3a909b0d9213426a9ccaf25c5d3809d248\lwjgl-bgfx-3.3.4.jar;C:\Users\cyber\.gradle\caches\modules-2\files-2.1\org.lwjgl\lwjgl-bgfx\3.3.4\244c90b7aa225af02363b167aeaec86f24a08692\lwjgl-bgfx-3.3.4-natives-windows.jar;C:\Users\cyber\.gradle\caches\modules-2\files-2.1\org.lwjgl\lwjgl-cuda\3.3.4\cd5fcde444e7ba47f59f7ebf48b916e835db1fde\lwjgl-cuda-3.3.4.jar;C:\Users\cyber\.gradle\caches\modules-2\files-2.1\org.lwjgl\lwjgl-egl\3.3.4\66cb6087405ca8c5d0f040a4274eff4f6b487a08\lwjgl-egl-3.3.4.jar;C:\Users\cyber\.gradle\caches\modules-2\files-2.1\org.lwjgl\lwjgl-fmod\3.3.4\bc74bb403694319c27779fbc37fbc40d9ddd05c2\lwjgl-fmod-3.3.4.jar;C:\Users\cyber\.gradle\caches\modules-2\files-2.1\org.lwjgl\lwjgl-freetype\3.3.4\23f7bf165068ef2ca80ae1b79fd905af20498600\lwjgl-freetype-3.3.4.jar;C:\Users\cyber\.gradle\caches\modules-2\files-2.1\org.lwjgl\lwjgl-freetype\3.3.4\fe3f8d6b8ef3a31c7ea6fd0f37a8720c3d4418f4\lwjgl-freetype-3.3.4-natives-windows.jar;C:\Users\cyber\.gradle\caches\modules-2\files-2.1\org.lwjgl\lwjgl-glfw\3.3.4\7e46ecdec85db8738053cfde141
Launcher Type: SUN_STANDARD

[Global flags]
     intx CICompilerCount                          = 12                                        {product} {ergonomic}
     uint ConcGCThreads                            = 5                                         {product} {ergonomic}
     uint G1ConcRefinementThreads                  = 18                                        {product} {ergonomic}
   size_t G1HeapRegionSize                         = 1048576                                   {product} {ergonomic}
    uintx GCDrainStackTargetSize                   = 64                                        {product} {ergonomic}
   size_t InitialHeapSize                          = 268435456                                 {product} {ergonomic}
   size_t MarkStackSize                            = 4194304                                   {product} {ergonomic}
   size_t MaxHeapSize                              = 4276092928                                {product} {ergonomic}
   size_t MaxNewSize                               = 2564816896                                {product} {ergonomic}
   size_t MinHeapDeltaBytes                        = 1048576                                   {product} {ergonomic}
    uintx NonNMethodCodeHeapSize                   = 7594288                                {pd product} {ergonomic}
    uintx NonProfiledCodeHeapSize                  = 122031976                              {pd product} {ergonomic}
    uintx ProfiledCodeHeapSize                     = 122031976                              {pd product} {ergonomic}
    uintx ReservedCodeCacheSize                    = 251658240                              {pd product} {ergonomic}
     bool SegmentedCodeCache                       = true                                      {product} {ergonomic}
     bool UseCompressedClassPointers               = true                                 {lp64_product} {ergonomic}
     bool UseCompressedOops                        = true                                 {lp64_product} {ergonomic}
     bool UseG1GC                                  = true                                      {product} {ergonomic}
     bool UseLargePagesIndividualAllocation        = false                                  {pd product} {ergonomic}

Logging:
Log output configuration:
 #0: stdout all=warning uptime,level,tags
 #1: stderr all=off uptime,level,tags

Environment Variables:
PATH=C:\Program Files (x86)\NVIDIA Corporation\PhysX\Common;C:\Program Files\Microsoft\jdk-11.0.16.101-hotspot\bin;C:\Program Files (x86)\Common Files\Oracle\Java\javapath;C:\Program Files\Oculus\Support\oculus-runtime;C:\WINDOWS\system32;C:\WINDOWS;C:\WINDOWS\System32\Wbem;C:\WINDOWS\System32\WindowsPowerShell\v1.0\;C:\WINDOWS\System32\OpenSSH\;C:\Program Files\Microsoft SQL Server\150\Tools\Binn\;C:\Program Files\Microsoft SQL Server\Client SDK\ODBC\170\Tools\Binn\;C:\Program Files\dotnet\;C:\Program Files (x86)\Windows Kits\10\Windows Performance Toolkit\;C:\Users\cyber\AppData\Local\Programs\Python\Python312\Scripts\;C:\Users\cyber\AppData\Local\Programs\Python\Python312\;C:\Users\cyber\AppData\Local\Microsoft\WindowsApps;C:\Users\cyber\.dotnet\tools;C:\Users\cyber\AppData\Local\Programs\Microsoft VS Code\bin
USERNAME=cyber
OS=Windows_NT
PROCESSOR_IDENTIFIER=AMD64 Family 25 Model 33 Stepping 2, AuthenticAMD
TMP=C:\Users\cyber\AppData\Local\Temp
TEMP=C:\Users\cyber\AppData\Local\Temp



---------------  S Y S T E M  ---------------

OS: Windows 11 , 64 bit Build 22621 (10.0.22621.3958)
OS uptime: 0 days 5:37 hours

CPU:total 24 (initial active 24) (24 cores per cpu, 2 threads per core) family 25 model 33 stepping 2 microcode 0x0, cmov, cx8, fxsr, mmx, sse, sse2, sse3, ssse3, sse4.1, sse4.2, popcnt, avx, avx2, aes, clmul, erms, mmxext, 3dnowpref, lzcnt, sse4a, ht, tsc, tscinvbit, tscinv, bmi1, bmi2, adx, sha, fma

Memory: 4k page, system-wide physical 16309M (2305M free)
TotalPageFile size 32618M (AvailPageFile size 7718M)
current process WorkingSet (physical memory assigned to process): 253M, peak: 253M
current process commit charge ("private bytes"): 564M, peak: 568M

vm_info: OpenJDK 64-Bit Server VM (11.0.16.1+1-LTS) for windows-amd64 JRE (11.0.16.1+1-LTS), built on Aug 20 2022 20:09:04 by "" with MS VC++ 15.9 (VS2017)

END.
